2024-12-14T00:10:29.102+05:30  WARN 89632 --- [AppPractice] [HikariPool-1 housekeeper] com.zaxxer.hikari.pool.HikariPool        : HikariPool-1 - Thread starvation or clock leap detected (housekeeper delta=10m2s525ms).
2024-12-14T00:15:15.028+05:30  WARN 89632 --- [AppPractice] [HikariPool-1 housekeeper] com.zaxxer.hikari.pool.HikariPool        : HikariPool-1 - Thread starvation or clock leap detected (housekeeper delta=4m1s693ms).
2024-12-14T00:20:10.963+05:30  INFO 89632 --- [AppPractice] [SpringApplicationShutdownHook] j.LocalContainerEntityManagerFactoryBean : Closing JPA EntityManagerFactory for persistence unit 'default'
2024-12-14T00:20:10.978+05:30  INFO 89632 --- [AppPractice] [SpringApplicationShutdownHook] com.zaxxer.hikari.HikariDataSource       : HikariPool-1 - Shutdown initiated...
2024-12-14T00:20:11.008+05:30  INFO 89632 --- [AppPractice] [SpringApplicationShutdownHook] com.zaxxer.hikari.HikariDataSource       : HikariPool-1 - Shutdown completed.
2024-12-14T09:43:06.555+05:30  INFO 32047 --- [AppPractice] [restartedMain] Ecom.EcomApplication                     : Starting EcomApplication using Java 22.0.1 with PID 32047 (/Users/shahmohammad/Desktop/LocalConnect/eCommersApp/target/classes started by shahmohammad in /Users/shahmohammad/Desktop/LocalConnect/eCommersApp)
2024-12-14T09:43:06.556+05:30  INFO 32047 --- [AppPractice] [restartedMain] Ecom.EcomApplication                     : No active profile set, falling back to 1 default profile: "default"
2024-12-14T09:43:06.602+05:30  INFO 32047 --- [AppPractice] [restartedMain] .e.DevToolsPropertyDefaultsPostProcessor : Devtools property defaults active! Set 'spring.devtools.add-properties' to 'false' to disable
2024-12-14T09:43:06.603+05:30  INFO 32047 --- [AppPractice] [restartedMain] .e.DevToolsPropertyDefaultsPostProcessor : For additional web related logging consider setting the 'logging.level.web' property to 'DEBUG'
2024-12-14T09:43:07.238+05:30  INFO 32047 --- [AppPractice] [restartedMain] .s.d.r.c.RepositoryConfigurationDelegate : Bootstrapping Spring Data JPA repositories in DEFAULT mode.
2024-12-14T09:43:07.293+05:30  INFO 32047 --- [AppPractice] [restartedMain] .s.d.r.c.RepositoryConfigurationDelegate : Finished Spring Data repository scanning in 46 ms. Found 11 JPA repository interfaces.
2024-12-14T09:43:07.667+05:30  INFO 32047 --- [AppPractice] [restartedMain] o.s.b.w.embedded.tomcat.TomcatWebServer  : Tomcat initialized with port 8080 (http)
2024-12-14T09:43:07.677+05:30  INFO 32047 --- [AppPractice] [restartedMain] o.apache.catalina.core.StandardService   : Starting service [Tomcat]
2024-12-14T09:43:07.678+05:30  INFO 32047 --- [AppPractice] [restartedMain] o.apache.catalina.core.StandardEngine    : Starting Servlet engine: [Apache Tomcat/10.1.30]
2024-12-14T09:43:07.707+05:30  INFO 32047 --- [AppPractice] [restartedMain] o.a.c.c.C.[Tomcat].[localhost].[/]       : Initializing Spring embedded WebApplicationContext
2024-12-14T09:43:07.707+05:30  INFO 32047 --- [AppPractice] [restartedMain] w.s.c.ServletWebServerApplicationContext : Root WebApplicationContext: initialization completed in 1104 ms
2024-12-14T09:43:07.823+05:30  INFO 32047 --- [AppPractice] [restartedMain] o.hibernate.jpa.internal.util.LogHelper  : HHH000204: Processing PersistenceUnitInfo [name: default]
2024-12-14T09:43:07.887+05:30  INFO 32047 --- [AppPractice] [restartedMain] org.hibernate.Version                    : HHH000412: Hibernate ORM core version 6.5.3.Final
2024-12-14T09:43:07.914+05:30  INFO 32047 --- [AppPractice] [restartedMain] o.h.c.internal.RegionFactoryInitiator    : HHH000026: Second-level cache disabled
2024-12-14T09:43:08.126+05:30  INFO 32047 --- [AppPractice] [restartedMain] o.s.o.j.p.SpringPersistenceUnitInfo      : No LoadTimeWeaver setup: ignoring JPA class transformer
2024-12-14T09:43:08.146+05:30  INFO 32047 --- [AppPractice] [restartedMain] com.zaxxer.hikari.HikariDataSource       : HikariPool-1 - Starting...
2024-12-14T09:43:08.427+05:30  INFO 32047 --- [AppPractice] [restartedMain] com.zaxxer.hikari.pool.HikariPool        : HikariPool-1 - Added connection com.mysql.cj.jdbc.ConnectionImpl@40f18aa2
2024-12-14T09:43:08.429+05:30  INFO 32047 --- [AppPractice] [restartedMain] com.zaxxer.hikari.HikariDataSource       : HikariPool-1 - Start completed.
2024-12-14T09:43:09.235+05:30  INFO 32047 --- [AppPractice] [restartedMain] o.h.e.t.j.p.i.JtaPlatformInitiator       : HHH000489: No JTA platform available (set 'hibernate.transaction.jta.platform' to enable JTA platform integration)
2024-12-14T09:43:09.366+05:30  INFO 32047 --- [AppPractice] [restartedMain] j.LocalContainerEntityManagerFactoryBean : Initialized JPA EntityManagerFactory for persistence unit 'default'
2024-12-14T09:43:09.541+05:30  INFO 32047 --- [AppPractice] [restartedMain] o.s.d.j.r.query.QueryEnhancerFactory     : Hibernate is in classpath; If applicable, HQL parser will be used.
2024-12-14T09:43:10.080+05:30  WARN 32047 --- [AppPractice] [restartedMain] JpaBaseConfiguration$JpaWebConfiguration : spring.jpa.open-in-view is enabled by default. Therefore, database queries may be performed during view rendering. Explicitly configure spring.jpa.open-in-view to disable this warning
2024-12-14T09:43:10.107+05:30  INFO 32047 --- [AppPractice] [restartedMain] r$InitializeUserDetailsManagerConfigurer : Global AuthenticationManager configured with UserDetailsService bean with name customerUserDetailsService
2024-12-14T09:43:10.774+05:30  INFO 32047 --- [AppPractice] [restartedMain] o.s.b.d.a.OptionalLiveReloadServer       : LiveReload server is running on port 35729
2024-12-14T09:43:10.809+05:30  INFO 32047 --- [AppPractice] [restartedMain] o.s.b.w.embedded.tomcat.TomcatWebServer  : Tomcat started on port 8080 (http) with context path '/'
2024-12-14T09:43:10.819+05:30  INFO 32047 --- [AppPractice] [restartedMain] Ecom.EcomApplication                     : Started EcomApplication in 4.584 seconds (process running for 5.374)
2024-12-14T09:53:16.868+05:30  INFO 32047 --- [AppPractice] [SpringApplicationShutdownHook] j.LocalContainerEntityManagerFactoryBean : Closing JPA EntityManagerFactory for persistence unit 'default'
2024-12-14T09:53:16.878+05:30  INFO 32047 --- [AppPractice] [SpringApplicationShutdownHook] com.zaxxer.hikari.HikariDataSource       : HikariPool-1 - Shutdown initiated...
2024-12-14T09:53:16.901+05:30  INFO 32047 --- [AppPractice] [SpringApplicationShutdownHook] com.zaxxer.hikari.HikariDataSource       : HikariPool-1 - Shutdown completed.
2024-12-14T10:43:41.539+05:30  INFO 4115 --- [AppPractice] [restartedMain] Ecom.EcomApplication                     : Starting EcomApplication using Java 22.0.1 with PID 4115 (/Users/shahmohammad/Desktop/LocalConnect/eCommersApp/target/classes started by shahmohammad in /Users/shahmohammad/Desktop/LocalConnect/eCommersApp)
2024-12-14T10:43:41.540+05:30  INFO 4115 --- [AppPractice] [restartedMain] Ecom.EcomApplication                     : No active profile set, falling back to 1 default profile: "default"
2024-12-14T10:43:41.593+05:30  INFO 4115 --- [AppPractice] [restartedMain] .e.DevToolsPropertyDefaultsPostProcessor : Devtools property defaults active! Set 'spring.devtools.add-properties' to 'false' to disable
2024-12-14T10:43:41.593+05:30  INFO 4115 --- [AppPractice] [restartedMain] .e.DevToolsPropertyDefaultsPostProcessor : For additional web related logging consider setting the 'logging.level.web' property to 'DEBUG'
2024-12-14T10:43:42.560+05:30  INFO 4115 --- [AppPractice] [restartedMain] .s.d.r.c.RepositoryConfigurationDelegate : Bootstrapping Spring Data JPA repositories in DEFAULT mode.
2024-12-14T10:43:42.616+05:30  INFO 4115 --- [AppPractice] [restartedMain] .s.d.r.c.RepositoryConfigurationDelegate : Finished Spring Data repository scanning in 50 ms. Found 11 JPA repository interfaces.
2024-12-14T10:43:43.004+05:30  INFO 4115 --- [AppPractice] [restartedMain] o.s.b.w.embedded.tomcat.TomcatWebServer  : Tomcat initialized with port 8080 (http)
2024-12-14T10:43:43.013+05:30  INFO 4115 --- [AppPractice] [restartedMain] o.apache.catalina.core.StandardService   : Starting service [Tomcat]
2024-12-14T10:43:43.014+05:30  INFO 4115 --- [AppPractice] [restartedMain] o.apache.catalina.core.StandardEngine    : Starting Servlet engine: [Apache Tomcat/10.1.30]
2024-12-14T10:43:43.041+05:30  INFO 4115 --- [AppPractice] [restartedMain] o.a.c.c.C.[Tomcat].[localhost].[/]       : Initializing Spring embedded WebApplicationContext
2024-12-14T10:43:43.041+05:30  INFO 4115 --- [AppPractice] [restartedMain] w.s.c.ServletWebServerApplicationContext : Root WebApplicationContext: initialization completed in 1447 ms
2024-12-14T10:43:43.150+05:30  INFO 4115 --- [AppPractice] [restartedMain] o.hibernate.jpa.internal.util.LogHelper  : HHH000204: Processing PersistenceUnitInfo [name: default]
2024-12-14T10:43:43.192+05:30  INFO 4115 --- [AppPractice] [restartedMain] org.hibernate.Version                    : HHH000412: Hibernate ORM core version 6.5.3.Final
2024-12-14T10:43:43.214+05:30  INFO 4115 --- [AppPractice] [restartedMain] o.h.c.internal.RegionFactoryInitiator    : HHH000026: Second-level cache disabled
2024-12-14T10:43:43.437+05:30  INFO 4115 --- [AppPractice] [restartedMain] o.s.o.j.p.SpringPersistenceUnitInfo      : No LoadTimeWeaver setup: ignoring JPA class transformer
2024-12-14T10:43:43.456+05:30  INFO 4115 --- [AppPractice] [restartedMain] com.zaxxer.hikari.HikariDataSource       : HikariPool-1 - Starting...
2024-12-14T10:43:43.776+05:30  INFO 4115 --- [AppPractice] [restartedMain] com.zaxxer.hikari.pool.HikariPool        : HikariPool-1 - Added connection com.mysql.cj.jdbc.ConnectionImpl@3cff5707
2024-12-14T10:43:43.778+05:30  INFO 4115 --- [AppPractice] [restartedMain] com.zaxxer.hikari.HikariDataSource       : HikariPool-1 - Start completed.
2024-12-14T10:43:44.657+05:30  INFO 4115 --- [AppPractice] [restartedMain] o.h.e.t.j.p.i.JtaPlatformInitiator       : HHH000489: No JTA platform available (set 'hibernate.transaction.jta.platform' to enable JTA platform integration)
2024-12-14T10:43:44.795+05:30  INFO 4115 --- [AppPractice] [restartedMain] j.LocalContainerEntityManagerFactoryBean : Initialized JPA EntityManagerFactory for persistence unit 'default'
2024-12-14T10:43:44.978+05:30  INFO 4115 --- [AppPractice] [restartedMain] o.s.d.j.r.query.QueryEnhancerFactory     : Hibernate is in classpath; If applicable, HQL parser will be used.
2024-12-14T10:43:45.495+05:30  WARN 4115 --- [AppPractice] [restartedMain] JpaBaseConfiguration$JpaWebConfiguration : spring.jpa.open-in-view is enabled by default. Therefore, database queries may be performed during view rendering. Explicitly configure spring.jpa.open-in-view to disable this warning
2024-12-14T10:43:45.524+05:30  INFO 4115 --- [AppPractice] [restartedMain] r$InitializeUserDetailsManagerConfigurer : Global AuthenticationManager configured with UserDetailsService bean with name customerUserDetailsService
2024-12-14T10:43:46.107+05:30  INFO 4115 --- [AppPractice] [restartedMain] o.s.b.d.a.OptionalLiveReloadServer       : LiveReload server is running on port 35729
2024-12-14T10:43:46.140+05:30  INFO 4115 --- [AppPractice] [restartedMain] o.s.b.w.embedded.tomcat.TomcatWebServer  : Tomcat started on port 8080 (http) with context path '/'
2024-12-14T10:43:46.149+05:30  INFO 4115 --- [AppPractice] [restartedMain] Ecom.EcomApplication                     : Started EcomApplication in 4.941 seconds (process running for 5.814)
2024-12-14T10:47:04.674+05:30  INFO 4115 --- [AppPractice] [http-nio-8080-exec-1] o.a.c.c.C.[Tomcat].[localhost].[/]       : Initializing Spring DispatcherServlet 'dispatcherServlet'
2024-12-14T10:47:04.676+05:30  INFO 4115 --- [AppPractice] [http-nio-8080-exec-1] o.s.web.servlet.DispatcherServlet        : Initializing Servlet 'dispatcherServlet'
2024-12-14T10:47:04.685+05:30  INFO 4115 --- [AppPractice] [http-nio-8080-exec-1] o.s.web.servlet.DispatcherServlet        : Completed initialization in 9 ms
2024-12-14T10:55:38.658+05:30  WARN 4115 --- [AppPractice] [http-nio-8080-exec-3] .m.m.a.ExceptionHandlerExceptionResolver : Resolved [Ecom.Exception.OrdersException: Failed to fetch orders for the user: No orders found for the user in the database.]
2024-12-14T10:55:40.808+05:30  WARN 4115 --- [AppPractice] [http-nio-8080-exec-6] .m.m.a.ExceptionHandlerExceptionResolver : Resolved [org.springframework.web.method.annotation.MethodArgumentTypeMismatchException: Failed to convert value of type 'java.lang.String' to required type 'java.lang.Integer'; For input string: "null"]
2024-12-14T11:03:04.268+05:30  WARN 4115 --- [AppPractice] [http-nio-8080-exec-2] .m.m.a.ExceptionHandlerExceptionResolver : Resolved [org.springframework.web.method.annotation.MethodArgumentTypeMismatchException: Failed to convert value of type 'java.lang.String' to required type 'java.lang.Integer'; For input string: "null"]
2024-12-14T11:03:18.597+05:30  WARN 4115 --- [AppPractice] [http-nio-8080-exec-3] .m.m.a.ExceptionHandlerExceptionResolver : Resolved [org.springframework.web.method.annotation.MethodArgumentTypeMismatchException: Failed to convert value of type 'java.lang.String' to required type 'java.lang.Integer'; For input string: "null"]
2024-12-14T11:03:26.889+05:30  WARN 4115 --- [AppPractice] [http-nio-8080-exec-6] .m.m.a.ExceptionHandlerExceptionResolver : Resolved [Ecom.Exception.OrdersException: Failed to fetch orders for the user: No orders found for the user in the database.]
2024-12-14T11:03:28.232+05:30  WARN 4115 --- [AppPractice] [http-nio-8080-exec-8] .m.m.a.ExceptionHandlerExceptionResolver : Resolved [org.springframework.web.method.annotation.MethodArgumentTypeMismatchException: Failed to convert value of type 'java.lang.String' to required type 'java.lang.Integer'; For input string: "null"]
2024-12-14T11:05:27.401+05:30  WARN 4115 --- [AppPractice] [HikariPool-1 housekeeper] com.zaxxer.hikari.pool.HikariPool        : HikariPool-1 - Thread starvation or clock leap detected (housekeeper delta=1m13s374ms).
2024-12-14T11:16:12.526+05:30  WARN 4115 --- [AppPractice] [http-nio-8080-exec-5] .m.m.a.ExceptionHandlerExceptionResolver : Resolved [Ecom.Exception.OrdersException: Failed to fetch orders for the user: No orders found for the user in the database.]
2024-12-14T11:22:19.460+05:30  WARN 4115 --- [AppPractice] [http-nio-8080-exec-6] .m.m.a.ExceptionHandlerExceptionResolver : Resolved [org.springframework.web.method.annotation.MethodArgumentTypeMismatchException: Failed to convert value of type 'java.lang.String' to required type 'java.lang.Integer'; For input string: "null"]
2024-12-14T11:22:20.350+05:30  WARN 4115 --- [AppPractice] [http-nio-8080-exec-8] .m.m.a.ExceptionHandlerExceptionResolver : Resolved [Ecom.Exception.OrdersException: Failed to fetch orders for the user: No orders found for the user in the database.]
2024-12-14T11:23:43.769+05:30  WARN 4115 --- [AppPractice] [http-nio-8080-exec-2] .m.m.a.ExceptionHandlerExceptionResolver : Resolved [Ecom.Exception.OrdersException: Failed to fetch orders for the user: No orders found for the user in the database.]
2024-12-14T11:24:29.273+05:30  WARN 4115 --- [AppPractice] [http-nio-8080-exec-2] .m.m.a.ExceptionHandlerExceptionResolver : Resolved [Ecom.Exception.OrdersException: Failed to fetch orders for the user: No orders found for the user in the database.]
2024-12-14T11:24:32.523+05:30  WARN 4115 --- [AppPractice] [http-nio-8080-exec-7] .m.m.a.ExceptionHandlerExceptionResolver : Resolved [org.springframework.web.method.annotation.MethodArgumentTypeMismatchException: Failed to convert value of type 'java.lang.String' to required type 'java.lang.Integer'; For input string: "null"]
2024-12-14T11:56:30.165+05:30  WARN 4115 --- [AppPractice] [HikariPool-1 housekeeper] com.zaxxer.hikari.pool.HikariPool        : HikariPool-1 - Thread starvation or clock leap detected (housekeeper delta=26m32s589ms).
2024-12-14T12:05:06.552+05:30  WARN 4115 --- [AppPractice] [HikariPool-1 housekeeper] com.zaxxer.hikari.pool.HikariPool        : HikariPool-1 - Thread starvation or clock leap detected (housekeeper delta=7m6s337ms).
2024-12-14T12:09:46.717+05:30  WARN 4115 --- [AppPractice] [HikariPool-1 housekeeper] com.zaxxer.hikari.pool.HikariPool        : HikariPool-1 - Thread starvation or clock leap detected (housekeeper delta=4m40s166ms).
2024-12-14T12:15:31.516+05:30  WARN 4115 --- [AppPractice] [HikariPool-1 housekeeper] com.zaxxer.hikari.pool.HikariPool        : HikariPool-1 - Thread starvation or clock leap detected (housekeeper delta=5m44s799ms).
2024-12-14T12:17:33.602+05:30  WARN 4115 --- [AppPractice] [HikariPool-1 housekeeper] com.zaxxer.hikari.pool.HikariPool        : HikariPool-1 - Thread starvation or clock leap detected (housekeeper delta=2m2s86ms).
2024-12-14T12:23:45.490+05:30  WARN 4115 --- [AppPractice] [HikariPool-1 housekeeper] com.zaxxer.hikari.pool.HikariPool        : HikariPool-1 - Thread starvation or clock leap detected (housekeeper delta=6m11s887ms).
2024-12-14T12:29:27.712+05:30  WARN 4115 --- [AppPractice] [HikariPool-1 housekeeper] com.zaxxer.hikari.pool.HikariPool        : HikariPool-1 - Thread starvation or clock leap detected (housekeeper delta=5m42s223ms).
2024-12-14T12:31:25.850+05:30  WARN 4115 --- [AppPractice] [HikariPool-1 housekeeper] com.zaxxer.hikari.pool.HikariPool        : HikariPool-1 - Thread starvation or clock leap detected (housekeeper delta=1m58s136ms).
2024-12-14T12:33:51.650+05:30  WARN 4115 --- [AppPractice] [HikariPool-1 housekeeper] com.zaxxer.hikari.pool.HikariPool        : HikariPool-1 - Thread starvation or clock leap detected (housekeeper delta=2m25s802ms).
2024-12-14T12:37:25.344+05:30  WARN 4115 --- [AppPractice] [HikariPool-1 housekeeper] com.zaxxer.hikari.pool.HikariPool        : HikariPool-1 - Thread starvation or clock leap detected (housekeeper delta=3m33s693ms).
2024-12-14T13:48:22.380+05:30  WARN 4115 --- [AppPractice] [HikariPool-1 housekeeper] com.zaxxer.hikari.pool.HikariPool        : HikariPool-1 - Thread starvation or clock leap detected (housekeeper delta=56s535ms).
2024-12-14T13:50:19.032+05:30  WARN 4115 --- [AppPractice] [HikariPool-1 housekeeper] com.zaxxer.hikari.pool.HikariPool        : HikariPool-1 - Thread starvation or clock leap detected (housekeeper delta=1m56s652ms).
2024-12-14T14:05:59.133+05:30  WARN 4115 --- [AppPractice] [HikariPool-1 housekeeper] com.zaxxer.hikari.pool.HikariPool        : HikariPool-1 - Thread starvation or clock leap detected (housekeeper delta=15m40s102ms).
2024-12-14T14:28:42.235+05:30  WARN 4115 --- [AppPractice] [HikariPool-1 housekeeper] com.zaxxer.hikari.pool.HikariPool        : HikariPool-1 - Thread starvation or clock leap detected (housekeeper delta=22m43s102ms).
2024-12-14T15:21:14.483+05:30  WARN 4115 --- [AppPractice] [HikariPool-1 housekeeper] com.zaxxer.hikari.pool.HikariPool        : HikariPool-1 - Thread starvation or clock leap detected (housekeeper delta=11m1s945ms).
2024-12-14T15:25:53.585+05:30  WARN 4115 --- [AppPractice] [HikariPool-1 housekeeper] com.zaxxer.hikari.pool.HikariPool        : HikariPool-1 - Thread starvation or clock leap detected (housekeeper delta=4m39s112ms).
2024-12-14T15:45:48.862+05:30  WARN 4115 --- [AppPractice] [HikariPool-1 housekeeper] com.zaxxer.hikari.pool.HikariPool        : HikariPool-1 - Thread starvation or clock leap detected (housekeeper delta=2m25s130ms).
2024-12-14T15:50:08.020+05:30  WARN 4115 --- [AppPractice] [HikariPool-1 housekeeper] com.zaxxer.hikari.pool.HikariPool        : HikariPool-1 - Thread starvation or clock leap detected (housekeeper delta=4m19s159ms).
2024-12-14T15:56:43.832+05:30  WARN 4115 --- [AppPractice] [HikariPool-1 housekeeper] com.zaxxer.hikari.pool.HikariPool        : HikariPool-1 - Thread starvation or clock leap detected (housekeeper delta=5m35s794ms).
2024-12-14T16:27:32.140+05:30  WARN 4115 --- [AppPractice] [HikariPool-1 housekeeper] com.zaxxer.hikari.pool.HikariPool        : HikariPool-1 - Thread starvation or clock leap detected (housekeeper delta=2m48s134ms).
2024-12-14T17:10:14.531+05:30  WARN 4115 --- [AppPractice] [HikariPool-1 housekeeper] com.zaxxer.hikari.pool.HikariPool        : HikariPool-1 - Thread starvation or clock leap detected (housekeeper delta=14m42s187ms).
2024-12-14T17:11:34.298+05:30  WARN 4115 --- [AppPractice] [HikariPool-1 housekeeper] com.zaxxer.hikari.pool.HikariPool        : HikariPool-1 - Thread starvation or clock leap detected (housekeeper delta=1m19s781ms).
2024-12-14T17:47:19.784+05:30  WARN 4115 --- [AppPractice] [HikariPool-1 housekeeper] com.zaxxer.hikari.pool.HikariPool        : HikariPool-1 - Thread starvation or clock leap detected (housekeeper delta=2m15s274ms).
2024-12-14T17:48:16.829+05:30  WARN 4115 --- [AppPractice] [HikariPool-1 housekeeper] com.zaxxer.hikari.pool.HikariPool        : HikariPool-1 - Thread starvation or clock leap detected (housekeeper delta=57s48ms).
2024-12-14T17:50:45.312+05:30  WARN 4115 --- [AppPractice] [HikariPool-1 housekeeper] com.zaxxer.hikari.pool.HikariPool        : HikariPool-1 - Thread starvation or clock leap detected (housekeeper delta=1m7s613ms).
2024-12-14T17:51:32.192+05:30  WARN 4115 --- [AppPractice] [HikariPool-1 housekeeper] com.zaxxer.hikari.pool.HikariPool        : HikariPool-1 - Thread starvation or clock leap detected (housekeeper delta=46s879ms).
2024-12-14T17:56:56.003+05:30  WARN 4115 --- [AppPractice] [HikariPool-1 housekeeper] com.zaxxer.hikari.pool.HikariPool        : HikariPool-1 - Thread starvation or clock leap detected (housekeeper delta=4m50s357ms).
2024-12-14T17:57:53.572+05:30  WARN 4115 --- [AppPractice] [HikariPool-1 housekeeper] com.zaxxer.hikari.pool.HikariPool        : HikariPool-1 - Thread starvation or clock leap detected (housekeeper delta=57s569ms).
2024-12-14T18:00:54.732+05:30  WARN 4115 --- [AppPractice] [HikariPool-1 housekeeper] com.zaxxer.hikari.pool.HikariPool        : HikariPool-1 - Thread starvation or clock leap detected (housekeeper delta=3m1s160ms).
2024-12-14T18:02:46.908+05:30  WARN 4115 --- [AppPractice] [HikariPool-1 housekeeper] com.zaxxer.hikari.pool.HikariPool        : HikariPool-1 - Thread starvation or clock leap detected (housekeeper delta=1m52s176ms).
2024-12-14T18:03:52.190+05:30  WARN 4115 --- [AppPractice] [HikariPool-1 housekeeper] com.zaxxer.hikari.pool.HikariPool        : HikariPool-1 - Thread starvation or clock leap detected (housekeeper delta=1m5s282ms).
2024-12-14T18:07:10.269+05:30  WARN 4115 --- [AppPractice] [HikariPool-1 housekeeper] com.zaxxer.hikari.pool.HikariPool        : HikariPool-1 - Thread starvation or clock leap detected (housekeeper delta=2m35s302ms).
2024-12-14T18:46:11.847+05:30  INFO 4115 --- [AppPractice] [SpringApplicationShutdownHook] j.LocalContainerEntityManagerFactoryBean : Closing JPA EntityManagerFactory for persistence unit 'default'
2024-12-14T18:46:11.857+05:30  INFO 4115 --- [AppPractice] [SpringApplicationShutdownHook] com.zaxxer.hikari.HikariDataSource       : HikariPool-1 - Shutdown initiated...
2024-12-14T18:46:11.880+05:30  INFO 4115 --- [AppPractice] [SpringApplicationShutdownHook] com.zaxxer.hikari.HikariDataSource       : HikariPool-1 - Shutdown completed.
